[ 2019-01-08T08:35:09+08:00 ][ sql ] [ DB ] CONNECT:[ UseTime:0.002526s ] mysql:host=127.0.0.1;dbname=fastadmin;charset=utf8
[ 2019-01-08T08:35:09+08:00 ][ sql ] [ SQL ] SHOW TABLE STATUS LIKE 'article' [ RunTime:0.001584s ]
[ 2019-01-08T08:35:09+08:00 ][ sql ] [ SQL ] SHOW TABLE STATUS LIKE 'fa_article' [ RunTime:0.001706s ]
[ 2019-01-08T08:35:09+08:00 ][ sql ] [ SQL ] SELECT * FROM `information_schema`.`columns` WHERE TABLE_SCHEMA = 'fastadmin' AND table_name = 'fa_article' ORDER BY ORDINAL_POSITION [ RunTime:0.001514s ]
[ 2019-01-08T08:35:09+08:00 ][ sql ] [ DB ] CONNECT:[ UseTime:0.004367s ] mysql:host=127.0.0.1;dbname=fastadmin;charset=utf8
[ 2019-01-08T08:35:09+08:00 ][ sql ] [ SQL ] SHOW COLUMNS FROM `fa_auth_rule` [ RunTime:0.001727s ]
[ 2019-01-08T08:35:09+08:00 ][ sql ] [ SQL ] SELECT * FROM `fa_auth_rule` WHERE  `name` = 'article' LIMIT 1 [ RunTime:0.000736s ]
[ 2019-01-08T08:35:09+08:00 ][ sql ] [ SQL ] INSERT INTO `fa_auth_rule` (`pid` , `name` , `title` , `icon` , `remark` , `ismenu` , `status` , `createtime` , `updatetime`) VALUES (0 , 'article' , '文章管理' , 'fa fa-circle-o' , '' , 1 , 'normal' , 1546907709 , 1546907709) [ RunTime:0.000796s ]
[ 2019-01-08T08:35:09+08:00 ][ sql ] [ SQL ] SELECT `id` FROM `fa_auth_rule` WHERE  `name` = 'article/index' LIMIT 1 [ RunTime:0.000484s ]
[ 2019-01-08T08:35:09+08:00 ][ sql ] [ SQL ] SELECT `id` FROM `fa_auth_rule` WHERE  `name` = 'article/add' LIMIT 1 [ RunTime:0.000444s ]
[ 2019-01-08T08:35:09+08:00 ][ sql ] [ SQL ] SELECT `id` FROM `fa_auth_rule` WHERE  `name` = 'article/edit' LIMIT 1 [ RunTime:0.000412s ]
[ 2019-01-08T08:35:09+08:00 ][ sql ] [ SQL ] SELECT `id` FROM `fa_auth_rule` WHERE  `name` = 'article/del' LIMIT 1 [ RunTime:0.000400s ]
[ 2019-01-08T08:35:09+08:00 ][ sql ] [ SQL ] SELECT `id` FROM `fa_auth_rule` WHERE  `name` = 'article/multi' LIMIT 1 [ RunTime:0.000436s ]
[ 2019-01-08T08:35:09+08:00 ][ sql ] [ SQL ] INSERT INTO `fa_auth_rule` (`id` , `pid` , `name` , `icon` , `title` , `ismenu` , `status` , `createtime` , `updatetime`) VALUES (NULL , 85 , 'article/index' , 'fa fa-circle-o' , '查看' , 0 , 'normal' , 1546907709 , 1546907709) [ RunTime:0.000466s ]
[ 2019-01-08T08:35:09+08:00 ][ sql ] [ SQL ] INSERT INTO `fa_auth_rule` (`id` , `pid` , `name` , `icon` , `title` , `ismenu` , `status` , `createtime` , `updatetime`) VALUES (NULL , 85 , 'article/add' , 'fa fa-circle-o' , '添加' , 0 , 'normal' , 1546907709 , 1546907709) [ RunTime:0.000472s ]
[ 2019-01-08T08:35:09+08:00 ][ sql ] [ SQL ] INSERT INTO `fa_auth_rule` (`id` , `pid` , `name` , `icon` , `title` , `ismenu` , `status` , `createtime` , `updatetime`) VALUES (NULL , 85 , 'article/edit' , 'fa fa-circle-o' , '编辑' , 0 , 'normal' , 1546907709 , 1546907709) [ RunTime:0.000478s ]
[ 2019-01-08T08:35:09+08:00 ][ sql ] [ SQL ] INSERT INTO `fa_auth_rule` (`id` , `pid` , `name` , `icon` , `title` , `ismenu` , `status` , `createtime` , `updatetime`) VALUES (NULL , 85 , 'article/del' , 'fa fa-circle-o' , '删除' , 0 , 'normal' , 1546907709 , 1546907709) [ RunTime:0.000468s ]
[ 2019-01-08T08:35:09+08:00 ][ sql ] [ SQL ] INSERT INTO `fa_auth_rule` (`id` , `pid` , `name` , `icon` , `title` , `ismenu` , `status` , `createtime` , `updatetime`) VALUES (NULL , 85 , 'article/multi' , 'fa fa-circle-o' , '批量更新' , 0 , 'normal' , 1546907709 , 1546907709) [ RunTime:0.000442s ]
[ 2019-01-08T08:35:23+08:00 ][ sql ] [ DB ] CONNECT:[ UseTime:0.002316s ] mysql:host=127.0.0.1;dbname=fastadmin;charset=utf8
[ 2019-01-08T08:35:23+08:00 ][ sql ] [ SQL ] SHOW TABLE STATUS LIKE 'category' [ RunTime:0.001276s ]
[ 2019-01-08T08:35:23+08:00 ][ sql ] [ SQL ] SHOW TABLE STATUS LIKE 'fa_category' [ RunTime:0.006781s ]
[ 2019-01-08T08:35:50+08:00 ][ sql ] [ DB ] CONNECT:[ UseTime:0.002489s ] mysql:host=127.0.0.1;dbname=fastadmin;charset=utf8
[ 2019-01-08T08:35:50+08:00 ][ sql ] [ SQL ] SHOW TABLE STATUS LIKE 'image' [ RunTime:0.001071s ]
[ 2019-01-08T08:35:50+08:00 ][ sql ] [ SQL ] SHOW TABLE STATUS LIKE 'fa_image' [ RunTime:0.001906s ]
[ 2019-01-08T08:35:50+08:00 ][ sql ] [ SQL ] SELECT * FROM `information_schema`.`columns` WHERE TABLE_SCHEMA = 'fastadmin' AND table_name = 'fa_image' ORDER BY ORDINAL_POSITION [ RunTime:0.001089s ]
[ 2019-01-08T08:35:50+08:00 ][ sql ] [ DB ] CONNECT:[ UseTime:0.002978s ] mysql:host=127.0.0.1;dbname=fastadmin;charset=utf8
[ 2019-01-08T08:35:50+08:00 ][ sql ] [ SQL ] SHOW COLUMNS FROM `fa_auth_rule` [ RunTime:0.001436s ]
[ 2019-01-08T08:35:50+08:00 ][ sql ] [ SQL ] SELECT * FROM `fa_auth_rule` WHERE  `name` = 'image' LIMIT 1 [ RunTime:0.000638s ]
[ 2019-01-08T08:35:50+08:00 ][ sql ] [ SQL ] INSERT INTO `fa_auth_rule` (`pid` , `name` , `title` , `icon` , `remark` , `ismenu` , `status` , `createtime` , `updatetime`) VALUES (0 , 'image' , '图片管理' , 'fa fa-image' , '' , 1 , 'normal' , 1546907750 , 1546907750) [ RunTime:0.000658s ]
[ 2019-01-08T08:35:50+08:00 ][ sql ] [ SQL ] SELECT `id` FROM `fa_auth_rule` WHERE  `name` = 'image/index' LIMIT 1 [ RunTime:0.000388s ]
[ 2019-01-08T08:35:50+08:00 ][ sql ] [ SQL ] SELECT `id` FROM `fa_auth_rule` WHERE  `name` = 'image/add' LIMIT 1 [ RunTime:0.000419s ]
[ 2019-01-08T08:35:50+08:00 ][ sql ] [ SQL ] SELECT `id` FROM `fa_auth_rule` WHERE  `name` = 'image/edit' LIMIT 1 [ RunTime:0.000426s ]
[ 2019-01-08T08:35:50+08:00 ][ sql ] [ SQL ] SELECT `id` FROM `fa_auth_rule` WHERE  `name` = 'image/del' LIMIT 1 [ RunTime:0.000434s ]
[ 2019-01-08T08:35:50+08:00 ][ sql ] [ SQL ] SELECT `id` FROM `fa_auth_rule` WHERE  `name` = 'image/multi' LIMIT 1 [ RunTime:0.000398s ]
[ 2019-01-08T08:35:50+08:00 ][ sql ] [ SQL ] INSERT INTO `fa_auth_rule` (`id` , `pid` , `name` , `icon` , `title` , `ismenu` , `status` , `createtime` , `updatetime`) VALUES (NULL , 91 , 'image/index' , 'fa fa-circle-o' , '查看' , 0 , 'normal' , 1546907750 , 1546907750) [ RunTime:0.000421s ]
[ 2019-01-08T08:35:50+08:00 ][ sql ] [ SQL ] INSERT INTO `fa_auth_rule` (`id` , `pid` , `name` , `icon` , `title` , `ismenu` , `status` , `createtime` , `updatetime`) VALUES (NULL , 91 , 'image/add' , 'fa fa-circle-o' , '添加' , 0 , 'normal' , 1546907750 , 1546907750) [ RunTime:0.000517s ]
[ 2019-01-08T08:35:50+08:00 ][ sql ] [ SQL ] INSERT INTO `fa_auth_rule` (`id` , `pid` , `name` , `icon` , `title` , `ismenu` , `status` , `createtime` , `updatetime`) VALUES (NULL , 91 , 'image/edit' , 'fa fa-circle-o' , '编辑' , 0 , 'normal' , 1546907750 , 1546907750) [ RunTime:0.000487s ]
[ 2019-01-08T08:35:50+08:00 ][ sql ] [ SQL ] INSERT INTO `fa_auth_rule` (`id` , `pid` , `name` , `icon` , `title` , `ismenu` , `status` , `createtime` , `updatetime`) VALUES (NULL , 91 , 'image/del' , 'fa fa-circle-o' , '删除' , 0 , 'normal' , 1546907750 , 1546907750) [ RunTime:0.000418s ]
[ 2019-01-08T08:35:50+08:00 ][ sql ] [ SQL ] INSERT INTO `fa_auth_rule` (`id` , `pid` , `name` , `icon` , `title` , `ismenu` , `status` , `createtime` , `updatetime`) VALUES (NULL , 91 , 'image/multi' , 'fa fa-circle-o' , '批量更新' , 0 , 'normal' , 1546907750 , 1546907750) [ RunTime:0.000480s ]
